<?xml version="1.0" encoding="UTF-8"?>
<testng-results skipped="0" failed="1" ignored="0" total="2" passed="1">
  <reporter-output>
    <line>
      <![CDATA[<p style='color:red'>Waited for200 Seconds.Volume Snapshot status did not go to Active.Please check the issue.</p>]]>
    </line>
  </reporter-output>
  <suite name="Default suite" duration-ms="276066" started-at="2017-10-13T09:06:17Z" finished-at="2017-10-13T09:10:53Z">
    <groups>
    </groups>
    <test name="Default test" duration-ms="276066" started-at="2017-10-13T09:06:17Z" finished-at="2017-10-13T09:10:53Z">
      <class name="com.jamcracker.testcases.customeManagement.TC009CreateVolumeSnapshot">
        <test-method status="PASS" signature="intialize()[pri:0, instance:com.jamcracker.testcases.customeManagement.TC009CreateVolumeSnapshot@685cb137]" name="intialize" is-config="true" duration-ms="8" started-at="2017-10-13T14:36:17Z" finished-at="2017-10-13T14:36:17Z">
          <reporter-output>
          </reporter-output>
        </test-method> <!-- intialize -->
        <test-method status="PASS" signature="setUp(java.lang.String)[pri:0, instance:com.jamcracker.testcases.customeManagement.TC009CreateVolumeSnapshot@685cb137]" name="setUp" is-config="true" duration-ms="9432" started-at="2017-10-13T14:36:17Z" finished-at="2017-10-13T14:36:27Z">
          <params>
            <param index="0">
              <value>
                <![CDATA[firefox]]>
              </value>
            </param>
          </params>
          <reporter-output>
          </reporter-output>
        </test-method> <!-- setUp -->
        <test-method status="FAIL" signature="volumeAction(java.lang.String, java.lang.String, java.lang.String, java.lang.String, java.lang.String, java.lang.String, java.lang.String, java.lang.String, java.lang.String, java.lang.String, java.lang.String)[pri:0, instance:com.jamcracker.testcases.customeManagement.TC009CreateVolumeSnapshot@685cb137]" name="volumeAction" duration-ms="266188" started-at="2017-10-13T14:36:27Z" data-provider="VolumeData" finished-at="2017-10-13T14:40:53Z">
          <params>
            <param index="0">
              <value>
                <![CDATA[Y]]>
              </value>
            </param>
            <param index="1">
              <value>
                <![CDATA[Create snapshot]]>
              </value>
            </param>
            <param index="2">
              <value>
                <![CDATA[storeuser111@gmail.com]]>
              </value>
            </param>
            <param index="3">
              <value>
                <![CDATA[Root123#]]>
              </value>
            </param>
            <param index="4">
              <value>
                <![CDATA[POS INTFIMG O9]]>
              </value>
            </param>
            <param index="5">
              <value>
                <![CDATA[Test1gbVolume]]>
              </value>
            </param>
            <param index="6">
              <value is-null="true"/>
            </param>
            <param index="7">
              <value is-null="true"/>
            </param>
            <param index="8">
              <value is-null="true"/>
            </param>
            <param index="9">
              <value>
                <![CDATA[Pradeep1]]>
              </value>
            </param>
            <param index="10">
              <value>
                <![CDATA[Automation Snapshot desc]]>
              </value>
            </param>
          </params>
          <exception class="java.lang.AssertionError">
            <message>
              <![CDATA[null]]>
            </message>
            <full-stacktrace>
              <![CDATA[java.lang.AssertionError: null
	at org.testng.Assert.fail(Assert.java:94)
	at org.testng.Assert.fail(Assert.java:101)
	at com.jamcracker.commonFunctions.customer.CreateVolumeSnapshot.createVolumeSnapshot(CreateVolumeSnapshot.java:48)
	at com.jamcracker.testcases.customeManagement.TC009CreateVolumeSnapshot.volumeAction(TC009CreateVolumeSnapshot.java:42)
	at sun.reflect.NativeMethodAccessorImpl.invoke0(Native Method)
	at sun.reflect.NativeMethodAccessorImpl.invoke(Unknown Source)
	at sun.reflect.DelegatingMethodAccessorImpl.invoke(Unknown Source)
	at java.lang.reflect.Method.invoke(Unknown Source)
	at org.testng.internal.MethodInvocationHelper.invokeMethod(MethodInvocationHelper.java:104)
	at org.testng.internal.Invoker.invokeMethod(Invoker.java:645)
	at org.testng.internal.Invoker.invokeTestMethod(Invoker.java:851)
	at org.testng.internal.Invoker.invokeTestMethods(Invoker.java:1177)
	at org.testng.internal.TestMethodWorker.invokeTestMethods(TestMethodWorker.java:129)
	at org.testng.internal.TestMethodWorker.run(TestMethodWorker.java:112)
	at org.testng.TestRunner.privateRun(TestRunner.java:756)
	at org.testng.TestRunner.run(TestRunner.java:610)
	at org.testng.SuiteRunner.runTest(SuiteRunner.java:387)
	at org.testng.SuiteRunner.runSequentially(SuiteRunner.java:382)
	at org.testng.SuiteRunner.privateRun(SuiteRunner.java:340)
	at org.testng.SuiteRunner.run(SuiteRunner.java:289)
	at org.testng.SuiteRunnerWorker.runSuite(SuiteRunnerWorker.java:52)
	at org.testng.SuiteRunnerWorker.run(SuiteRunnerWorker.java:86)
	at org.testng.TestNG.runSuitesSequentially(TestNG.java:1293)
	at org.testng.TestNG.runSuitesLocally(TestNG.java:1218)
	at org.testng.TestNG.runSuites(TestNG.java:1133)
	at org.testng.TestNG.run(TestNG.java:1104)
	at org.testng.remote.AbstractRemoteTestNG.run(AbstractRemoteTestNG.java:132)
	at org.testng.remote.RemoteTestNG.initAndRun(RemoteTestNG.java:230)
	at org.testng.remote.RemoteTestNG.main(RemoteTestNG.java:76)
]]>
            </full-stacktrace>
          </exception> <!-- java.lang.AssertionError -->
          <reporter-output>
            <line>
              <![CDATA[<p style='color:red'>Waited for200 Seconds.Volume Snapshot status did not go to Active.Please check the issue.</p>]]>
            </line>
          </reporter-output>
        </test-method> <!-- volumeAction -->
        <test-method status="PASS" signature="volumeAction(java.lang.String, java.lang.String, java.lang.String, java.lang.String, java.lang.String, java.lang.String, java.lang.String, java.lang.String, java.lang.String, java.lang.String, java.lang.String)[pri:0, instance:com.jamcracker.testcases.customeManagement.TC009CreateVolumeSnapshot@685cb137]" name="volumeAction" duration-ms="2" started-at="2017-10-13T14:40:53Z" data-provider="VolumeData" finished-at="2017-10-13T14:40:53Z">
          <params>
            <param index="0">
              <value>
                <![CDATA[Y]]>
              </value>
            </param>
            <param index="1">
              <value>
                <![CDATA[Delete snapshot]]>
              </value>
            </param>
            <param index="2">
              <value>
                <![CDATA[storeuser111@gmail.com]]>
              </value>
            </param>
            <param index="3">
              <value>
                <![CDATA[Root123#]]>
              </value>
            </param>
            <param index="4">
              <value is-null="true"/>
            </param>
            <param index="5">
              <value is-null="true"/>
            </param>
            <param index="6">
              <value is-null="true"/>
            </param>
            <param index="7">
              <value is-null="true"/>
            </param>
            <param index="8">
              <value is-null="true"/>
            </param>
            <param index="9">
              <value>
                <![CDATA[Pradeep1]]>
              </value>
            </param>
            <param index="10">
              <value>
                <![CDATA[false]]>
              </value>
            </param>
          </params>
          <reporter-output>
          </reporter-output>
        </test-method> <!-- volumeAction -->
      </class> <!-- com.jamcracker.testcases.customeManagement.TC009CreateVolumeSnapshot -->
    </test> <!-- Default test -->
  </suite> <!-- Default suite -->
</testng-results>
