<?xml version="1.0" encoding="UTF-8"?>
<!-- Generated by org.testng.reporters.JUnitXMLReporter -->
<testsuite hostname="PKUMAR" ignored="0" name="Marketplace Sanity chrome Test" tests="1" failures="1" timestamp="08 Sep 2017 07:10:44 GMT" time="40.736" errors="0">
  <testcase name="tc007resellService" time="33.455" classname="com.jamcracker.testcases.marketplace.TC007ResellService">
    <failure type="java.lang.AssertionError" message="null">
      <![CDATA[java.lang.AssertionError: null
	at com.jamcracker.commonFunctions.marketplace.ResellService.resellService(ResellService.java:117)
	at com.jamcracker.testcases.marketplace.TC007ResellService.tc007resellService(TC007ResellService.java:47)
	at java.util.concurrent.FutureTask.run(FutureTask.java:266)
	at java.util.concurrent.ThreadPoolExecutor.runWorker(ThreadPoolExecutor.java:1142)
	at java.util.concurrent.ThreadPoolExecutor$Worker.run(ThreadPoolExecutor.java:617)
	at java.lang.Thread.run(Thread.java:745)
... Removed 18 stack frames]]>
    </failure>
  </testcase> <!-- tc007resellService -->
</testsuite> <!-- Marketplace Sanity chrome Test -->
