<?xml version="1.0" encoding="UTF-8"?>
<!-- Generated by org.testng.reporters.JUnitXMLReporter -->
<testsuite hostname="PKUMAR" ignored="0" name="Marketplace Sanity Firefox Test" tests="1" failures="1" timestamp="18 Aug 2017 10:05:50 GMT" time="11.613" errors="0">
  <testcase name="setPassword" time="1.338" classname="com.jamcracker.testcases.marketplace.TC002SetPassword">
    <failure type="java.lang.AssertionError" message="null">
      <![CDATA[java.lang.AssertionError: null
	at com.jamcracker.commonFunctions.marketplace.SetPassword.setPassword(SetPassword.java:40)
	at com.jamcracker.testcases.marketplace.TC002SetPassword.setPassword(TC002SetPassword.java:42)
	at java.util.concurrent.FutureTask.run(FutureTask.java:266)
	at java.util.concurrent.ThreadPoolExecutor.runWorker(ThreadPoolExecutor.java:1142)
	at java.util.concurrent.ThreadPoolExecutor$Worker.run(ThreadPoolExecutor.java:617)
	at java.lang.Thread.run(Thread.java:745)
... Removed 18 stack frames]]>
    </failure>
  </testcase> <!-- setPassword -->
</testsuite> <!-- Marketplace Sanity Firefox Test -->
